<?xml version="1.0" encoding="UTF-8"?>
<!-- Generated by org.testng.reporters.JUnitXMLReporter -->
<testsuite ignored="0" hostname="DESKTOP-CJ9K4BG" failures="1" tests="1" name="Test" time="0.046" errors="0" timestamp="2023-02-21T17:15:23 IST">
  <testcase classname="WebDemoShop.WebDemoShop.TC_01_WebDemo_Registration" name="Registration" time="0.0">
    <failure type="org.testng.TestNGException" message="
Cannot inject @Test annotated Method [Registration] with [class java.lang.String].
For more information on native dependency injection please refer to https://testng.org/doc/documentation-main.html#native-dependency-injection">
      <![CDATA[org.testng.TestNGException: 
Cannot inject @Test annotated Method [Registration] with [class java.lang.String].
For more information on native dependency injection please refer to https://testng.org/doc/documentation-main.html#native-dependency-injection
at java.base/java.util.ArrayList.forEach(ArrayList.java:1511)
... Removed 26 stack frames]]>
    </failure>
  </testcase> <!-- Registration -->
</testsuite> <!-- Test -->
